[debug] [2022-10-10T10:38:07.232Z] ----------------------------------------------------------------------
[debug] [2022-10-10T10:38:07.234Z] Command:       C:\Program Files\nodejs\node.exe C:\Users\asifa\AppData\Roaming\npm\node_modules\firebase-tools\lib\bin\firebase.js init
[debug] [2022-10-10T10:38:07.234Z] CLI Version:   11.14.1
[debug] [2022-10-10T10:38:07.235Z] Platform:      win32
[debug] [2022-10-10T10:38:07.235Z] Node Version:  v16.17.0
[debug] [2022-10-10T10:38:07.240Z] Time:          Mon Oct 10 2022 16:08:07 GMT+0530 (India Standard Time)
[debug] [2022-10-10T10:38:07.240Z] ----------------------------------------------------------------------
[debug] 
[debug] [2022-10-10T10:38:07.246Z] > command requires scopes: ["email","openid","https://www.googleapis.com/auth/cloudplatformprojects.readonly","https://www.googleapis.com/auth/firebase","https://www.googleapis.com/auth/cloud-platform"]
[debug] [2022-10-10T10:38:07.246Z] > authorizing via signed-in user (asif.a.7277@gmail.com)
[info] 
     ######## #### ########  ######## ########     ###     ######  ########
     ##        ##  ##     ## ##       ##     ##  ##   ##  ##       ##
     ######    ##  ########  ######   ########  #########  ######  ######
     ##        ##  ##    ##  ##       ##     ## ##     ##       ## ##
     ##       #### ##     ## ######## ########  ##     ##  ######  ########

You're about to initialize a Firebase project in this directory:

  D:\web development\Netflix\netflix

[info] 
=== Project Setup
[info] 
[info] First, let's associate this project directory with a Firebase project.
[info] You can create multiple project aliases by running firebase use --add, 
[info] but for now we'll just set up a default project.
[info] 
[debug] [2022-10-10T10:38:57.559Z] >>> [apiv2][query] GET https://firebase.googleapis.com/v1beta1/projects pageSize=100
[debug] [2022-10-10T10:38:58.382Z] <<< [apiv2][status] GET https://firebase.googleapis.com/v1beta1/projects 200
[debug] [2022-10-10T10:38:58.383Z] <<< [apiv2][body] GET https://firebase.googleapis.com/v1beta1/projects [omitted]
[info] i  Using project netflix-a023d (netflix) 
[info] 
=== Hosting Setup
[info] 
[info] Your public directory is the folder (relative to your project directory) that
[info] will contain Hosting assets to be uploaded with firebase deploy. If you
[info] have a build process for your assets, use your build's output directory.
[info] 
[debug] [2022-10-10T10:39:31.403Z] >>> [apiv2][query] GET https://www.gstatic.com/firebasejs/releases.json [none]
[debug] [2022-10-10T10:39:31.653Z] <<< [apiv2][status] GET https://www.gstatic.com/firebasejs/releases.json 200
[debug] [2022-10-10T10:39:31.653Z] <<< [apiv2][body] GET https://www.gstatic.com/firebasejs/releases.json {"current":{"version":"9.11.0","browserURL":"https://www.gstatic.com/firebasejs/9.11.0/firebase.js","packageURL":"https://www.gstatic.com/firebasejs/9.11.0/firebase.tgz"},"live":{"version":"9.11","browserURL":"https://www.gstatic.com/firebasejs/live/9.11/firebase.js","packageURL":"https://www.gstatic.com/firebasejs/live/9.11/firebase.tgz"},"components":{"analytics":"https://www.gstatic.com/firebasejs/9.11.0/firebase-analytics.js","app":"https://www.gstatic.com/firebasejs/9.11.0/firebase-app.js","app-check":"https://www.gstatic.com/firebasejs/9.11.0/firebase-app-check.js","auth":"https://www.gstatic.com/firebasejs/9.11.0/firebase-auth.js","auth/cordova":"https://www.gstatic.com/firebasejs/9.11.0/firebase-auth/cordova.js","auth/react-native":"https://www.gstatic.com/firebasejs/9.11.0/firebase-auth/react-native.js","functions":"https://www.gstatic.com/firebasejs/9.11.0/firebase-functions.js","firestore":"https://www.gstatic.com/firebasejs/9.11.0/firebase-firestore.js","firestore/lite":"https://www.gstatic.com/firebasejs/9.11.0/firebase-firestore/lite.js","installations":"https://www.gstatic.com/firebasejs/9.11.0/firebase-installations.js","storage":"https://www.gstatic.com/firebasejs/9.11.0/firebase-storage.js","performance":"https://www.gstatic.com/firebasejs/9.11.0/firebase-performance.js","remote-config":"https://www.gstatic.com/firebasejs/9.11.0/firebase-remote-config.js","messaging":"https://www.gstatic.com/firebasejs/9.11.0/firebase-messaging.js","messaging/sw":"https://www.gstatic.com/firebasejs/9.11.0/firebase-messaging/sw.js","database":"https://www.gstatic.com/firebasejs/9.11.0/firebase-database.js","firestore.memory":"https://www.gstatic.com/firebasejs/9.11.0/firebase-firestore.memory.js"}}
[info] +  Wrote build/index.html 
[info] 
[info] i  Detected a .git folder at D:\web development\Netflix\netflix 
[info] i  Authorizing with GitHub to upload your service account to a GitHub repository's secrets store. 
[info] 
[info] Visit this URL on this device to log in:
[info] https://github.com/login/oauth/authorize?client_id=89cf50f02ac6aaed3484&state=468295776&redirect_uri=http%3A%2F%2Flocalhost%3A9005&scope=read%3Auser%20repo%20public_repo
[info] 
[info] Waiting for authentication...
[debug] [2022-10-10T10:40:23.212Z] >>> [apiv2][query] POST https://github.com/login/oauth/access_token [none]
[debug] [2022-10-10T10:40:23.213Z] >>> [apiv2][body] POST https://github.com/login/oauth/access_token [stream]
[debug] [2022-10-10T10:40:23.728Z] <<< [apiv2][status] POST https://github.com/login/oauth/access_token 200
[debug] [2022-10-10T10:40:23.729Z] <<< [apiv2][body] POST https://github.com/login/oauth/access_token {"access_token":"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","token_type":"bearer","scope":"read:user,repo"}
[debug] [2022-10-10T10:40:23.734Z] >>> [apiv2][query] GET https://api.github.com/user [none]
[debug] [2022-10-10T10:40:24.248Z] <<< [apiv2][status] GET https://api.github.com/user 200
[debug] [2022-10-10T10:40:24.248Z] <<< [apiv2][body] GET https://api.github.com/user {"login":"Asif-28","id":96537235,"node_id":"U_kgDOBcEKkw","avatar_url":"https://avatars.githubusercontent.com/u/96537235?v=4","gravatar_id":"","url":"https://api.github.com/users/Asif-28","html_url":"https://github.com/Asif-28","followers_url":"https://api.github.com/users/Asif-28/followers","following_url":"https://api.github.com/users/Asif-28/following{/other_user}","gists_url":"https://api.github.com/users/Asif-28/gists{/gist_id}","starred_url":"https://api.github.com/users/Asif-28/starred{/owner}{/repo}","subscriptions_url":"https://api.github.com/users/Asif-28/subscriptions","organizations_url":"https://api.github.com/users/Asif-28/orgs","repos_url":"https://api.github.com/users/Asif-28/repos","events_url":"https://api.github.com/users/Asif-28/events{/privacy}","received_events_url":"https://api.github.com/users/Asif-28/received_events","type":"User","site_admin":false,"name":"Asif ","company":null,"blog":"","location":null,"email":"asif.a.7277@gmail.com","hireable":null,"bio":null,"twitter_username":null,"public_repos":12,"public_gists":0,"followers":0,"following":0,"created_at":"2021-12-22T15:14:12Z","updated_at":"2022-10-05T12:50:52Z","private_gists":0,"total_private_repos":13,"owned_private_repos":13,"disk_usage":119469,"collaborators":0,"two_factor_authentication":false,"plan":{"name":"free","space":976562499,"collaborators":0,"private_repos":10000}}
[info] 
[info] +  Success! Logged into GitHub as Asif-28 
[info] 
